[    0.000000] Initializing cgroup subsys cpuset
[    0.000000] Initializing cgroup subsys cpu
[    0.000000] Initializing cgroup subsys cpuacct
[    0.000000] Linux version 4.4.0-96-generic (buildd@lgw01-10) (gcc version 5.4.0 20160609 (Ubuntu 5.4.0-6ubuntu1~16.04.4) ) #119-Ubuntu SMP Tue Sep 12 14:59:54 UTC 2017 (Ubuntu 4.4.0-96.119-generic 4.4.83)
[    0.000000] Command line: BOOT_IMAGE=/boot/vmlinuz-4.4.0-96-generic root=LABEL=cloudimg-rootfs ro console=tty1 console=ttyS0
[    0.000000] KERNEL supported cpus:
[    0.000000]   Intel GenuineIntel
[    0.000000]   AMD AuthenticAMD
[    0.000000]   Centaur CentaurHauls
[    0.000000] ------------[ cut here ]------------
[    0.000000] WARNING: CPU: 0 PID: 0 at /build/linux-z2ccW0/linux-4.4.0/arch/x86/kernel/fpu/xstate.c:517 fpu__init_system_xstate+0x38b/0x75a()
[    0.000000] XSAVE consistency problem, dumping leaves
[    0.000000] Modules linked in:
[    0.000000] CPU: 0 PID: 0 Comm: swapper Not tainted 4.4.0-96-generic #119-Ubuntu
[    0.000000]  0000000000000086 bdc2c078ceca0ef7 ffffffff81e03d80 ffffffff813fabd3
[    0.000000]  ffffffff81e03dc8 ffffffff81caa650 ffffffff81e03db8 ffffffff810812e2
[    0.000000]  ffffffff81e03e48 ffffffff81e03e4c 0000000000000008 0000000000000100
[    0.000000] Call Trace:
[    0.000000]  [<ffffffff813fabd3>] dump_stack+0x63/0x90
[    0.000000]  [<ffffffff810812e2>] warn_slowpath_common+0x82/0xc0
[    0.000000]  [<ffffffff8108137c>] warn_slowpath_fmt+0x5c/0x80
[    0.000000]  [<ffffffff8107cff0>] ? xfeature_size+0x59/0x77
[    0.000000]  [<ffffffff81f6e20b>] fpu__init_system_xstate+0x38b/0x75a
[    0.000000]  [<ffffffff81f5e120>] ? early_idt_handler_array+0x120/0x120
[    0.000000]  [<ffffffff81f6db76>] fpu__init_system+0x10d/0x245
[    0.000000]  [<ffffffff81f6ec7f>] early_cpu_init+0x139/0x13e
[    0.000000]  [<ffffffff81f6ec7f>] ? early_cpu_init+0x139/0x13e
[    0.000000]  [<ffffffff81f6a181>] setup_arch+0xb4/0xcf6
[    0.000000]  [<ffffffff81f5e120>] ? early_idt_handler_array+0x120/0x120
[    0.000000]  [<ffffffff81f5ec74>] start_kernel+0xe4/0x4a2
[    0.000000]  [<ffffffff81f5e120>] ? early_idt_handler_array+0x120/0x120
[    0.000000]  [<ffffffff81f5e339>] x86_64_start_reservations+0x2a/0x2c
[    0.000000]  [<ffffffff81f5e485>] x86_64_start_kernel+0x14a/0x16d
[    0.000000] ---[ end trace 4d5ff9f2f68c4233 ]---
[    0.000000] CPUID[0d, 00]: eax=00000007 ebx=00000440 ecx=00000440 edx=00000000
[    0.000000] CPUID[0d, 01]: eax=00000000 ebx=000003c0 ecx=00000000 edx=00000000
[    0.000000] CPUID[0d, 02]: eax=00000100 ebx=00000240 ecx=00000000 edx=00000000
[    0.000000] CPUID[0d, 03]: eax=00000000 ebx=00000000 ecx=00000000 edx=00000000
[    0.000000] CPUID[0d, 04]: eax=00000000 ebx=00000000 ecx=00000000 edx=00000000
[    0.000000] CPUID[0d, 05]: eax=00000000 ebx=00000000 ecx=00000000 edx=00000000
[    0.000000] CPUID[0d, 06]: eax=00000000 ebx=00000000 ecx=00000000 edx=00000000
[    0.000000] CPUID[0d, 07]: eax=00000000 ebx=00000000 ecx=00000000 edx=00000000
[    0.000000] CPUID[0d, 08]: eax=00000000 ebx=00000000 ecx=00000000 edx=00000000
[    0.000000] CPUID[0d, 09]: eax=00000000 ebx=00000000 ecx=00000000 edx=00000000
[    0.000000] CPUID[0d, 0a]: eax=00000000 ebx=00000000 ecx=00000000 edx=00000000
[    0.000000] CPUID[0d, 0b]: eax=00000000 ebx=00000000 ecx=00000000 edx=00000000
[    0.000000] CPUID[0d, 0c]: eax=00000000 ebx=00000000 ecx=00000000 edx=00000000
[    0.000000] CPUID[0d, 0d]: eax=00000000 ebx=00000000 ecx=00000000 edx=00000000
[    0.000000] CPUID[0d, 0e]: eax=00000000 ebx=00000000 ecx=00000000 edx=00000000
[    0.000000] CPUID[0d, 0f]: eax=00000000 ebx=00000000 ecx=00000000 edx=00000000
[    0.000000] CPUID[0d, 10]: eax=00000000 ebx=00000000 ecx=00000000 edx=00000000
[    0.000000] CPUID[0d, 11]: eax=00000000 ebx=00000000 ecx=00000000 edx=00000000
[    0.000000] x86/fpu: xstate_offset[2]:  576, xstate_sizes[2]:  256
[    0.000000] x86/fpu: Supporting XSAVE feature 0x01: 'x87 floating point registers'
[    0.000000] x86/fpu: Supporting XSAVE feature 0x02: 'SSE registers'
[    0.000000] x86/fpu: Supporting XSAVE feature 0x04: 'AVX registers'
[    0.000000] x86/fpu: Enabled xstate features 0x7, context size is 1088 bytes, using 'standard' format.
[    0.000000] x86/fpu: Using 'lazy' FPU context switches.
[    0.000000] e820: BIOS-provided physical RAM map:
[    0.000000] BIOS-e820: [mem 0x0000000000000000-0x000000000009fbff] usable
[    0.000000] BIOS-e820: [mem 0x000000000009fc00-0x000000000009ffff] reserved
[    0.000000] BIOS-e820: [mem 0x00000000000f0000-0x00000000000fffff] reserved
[    0.000000] BIOS-e820: [mem 0x0000000000100000-0x000000003ffeffff] usable
[    0.000000] BIOS-e820: [mem 0x000000003fff0000-0x000000003fffffff] ACPI data
[    0.000000] BIOS-e820: [mem 0x00000000fec00000-0x00000000fec00fff] reserved
[    0.000000] BIOS-e820: [mem 0x00000000fee00000-0x00000000fee00fff] reserved
[    0.000000] BIOS-e820: [mem 0x00000000fffc0000-0x00000000ffffffff] reserved
[    0.000000] NX (Execute Disable) protection: active
[    0.000000] SMBIOS 2.5 present.
[    0.000000] Hypervisor detected: KVM
[    0.000000] e820: last_pfn = 0x3fff0 max_arch_pfn = 0x400000000
[    0.000000] MTRR: Disabled
[    0.000000] x86/PAT: MTRRs disabled, skipping PAT initialization too.
[    0.000000] CPU MTRRs all blank - virtualized system.
[    0.000000] x86/PAT: Configuration [0-7]: WB  WT  UC- UC  WB  WT  UC- UC  
[    0.000000] found SMP MP-table at [mem 0x0009fff0-0x0009ffff] mapped at [ffff88000009fff0]
[    0.000000] Scanning 1 areas for low memory corruption
[    0.000000] RAMDISK: [mem 0x36adc000-0x37565fff]
[    0.000000] ACPI: Early table checksum verification disabled
[    0.000000] ACPI: RSDP 0x00000000000E0000 000024 (v02 VBOX  )
[    0.000000] ACPI: XSDT 0x000000003FFF0030 00003C (v01 VBOX   VBOXXSDT 00000001 ASL  00000061)
[    0.000000] ACPI: FACP 0x000000003FFF00F0 0000F4 (v04 VBOX   VBOXFACP 00000001 ASL  00000061)
[    0.000000] ACPI: DSDT 0x000000003FFF0470 0021C8 (v02 VBOX   VBOXBIOS 00000002 INTL 20100528)
[    0.000000] ACPI: FACS 0x000000003FFF0200 000040
[    0.000000] ACPI: FACS 0x000000003FFF0200 000040
[    0.000000] ACPI: APIC 0x000000003FFF0240 00005C (v02 VBOX   VBOXAPIC 00000001 ASL  00000061)
[    0.000000] ACPI: SSDT 0x000000003FFF02A0 0001CC (v01 VBOX   VBOXCPUT 00000002 INTL 20100528)
[    0.000000] No NUMA configuration found
[    0.000000] Faking a node at [mem 0x0000000000000000-0x000000003ffeffff]
[    0.000000] NODE_DATA(0) allocated [mem 0x3ffeb000-0x3ffeffff]
[    0.000000] kvm-clock: Using msrs 4b564d01 and 4b564d00
[    0.000000] kvm-clock: cpu 0, msr 0:3ffe3001, primary cpu clock
[    0.000000] kvm-clock: using sched offset of 3084491547 cycles
[    0.000000] clocksource: kvm-clock: mask: 0xffffffffffffffff max_cycles: 0x1cd42e4dffb, max_idle_ns: 881590591483 ns
[    0.000000] Zone ranges:
[    0.000000]   DMA      [mem 0x0000000000001000-0x0000000000ffffff]
[    0.000000]   DMA32    [mem 0x0000000001000000-0x000000003ffeffff]
[    0.000000]   Normal   empty
[    0.000000]   Device   empty
[    0.000000] Movable zone start for each node
[    0.000000] Early memory node ranges
[    0.000000]   node   0: [mem 0x0000000000001000-0x000000000009efff]
[    0.000000]   node   0: [mem 0x0000000000100000-0x000000003ffeffff]
[    0.000000] Initmem setup node 0 [mem 0x0000000000001000-0x000000003ffeffff]
[    0.000000] ACPI: PM-Timer IO Port: 0x4008
[    0.000000] IOAPIC[0]: apic_id 2, version 32, address 0xfec00000, GSI 0-23
[    0.000000] ACPI: INT_SRC_OVR (bus 0 bus_irq 0 global_irq 2 dfl dfl)
[    0.000000] ACPI: INT_SRC_OVR (bus 0 bus_irq 9 global_irq 9 high level)
[    0.000000] Using ACPI (MADT) for SMP configuration information
[    0.000000] smpboot: Allowing 2 CPUs, 0 hotplug CPUs
[    0.000000] PM: Registered nosave memory: [mem 0x00000000-0x00000fff]
[    0.000000] PM: Registered nosave memory: [mem 0x0009f000-0x0009ffff]
[    0.000000] PM: Registered nosave memory: [mem 0x000a0000-0x000effff]
[    0.000000] PM: Registered nosave memory: [mem 0x000f0000-0x000fffff]
[    0.000000] e820: [mem 0x40000000-0xfebfffff] available for PCI devices
[    0.000000] Booting paravirtualized kernel on KVM
[    0.000000] clocksource: refined-jiffies: mask: 0xffffffff max_cycles: 0xffffffff, max_idle_ns: 7645519600211568 ns
[    0.000000] setup_percpu: NR_CPUS:512 nr_cpumask_bits:512 nr_cpu_ids:2 nr_node_ids:1
[    0.000000] PERCPU: Embedded 34 pages/cpu @ffff88003fc00000 s98328 r8192 d32744 u1048576
[    0.000000] PV qspinlock hash table entries: 256 (order: 0, 4096 bytes)
[    0.000000] Built 1 zonelists in Node order, mobility grouping on.  Total pages: 257913
[    0.000000] Policy zone: DMA32
[    0.000000] Kernel command line: BOOT_IMAGE=/boot/vmlinuz-4.4.0-96-generic root=LABEL=cloudimg-rootfs ro console=tty1 console=ttyS0
[    0.000000] PID hash table entries: 4096 (order: 3, 32768 bytes)
[    0.000000] Memory: 1001772K/1048120K available (8479K kernel code, 1294K rwdata, 3984K rodata, 1492K init, 1316K bss, 46348K reserved, 0K cma-reserved)
[    0.000000] SLUB: HWalign=64, Order=0-3, MinObjects=0, CPUs=2, Nodes=1
[    0.000000] Hierarchical RCU implementation.
[    0.000000] 	Build-time adjustment of leaf fanout to 64.
[    0.000000] 	RCU restricting CPUs from NR_CPUS=512 to nr_cpu_ids=2.
[    0.000000] RCU: Adjusting geometry for rcu_fanout_leaf=64, nr_cpu_ids=2
[    0.000000] NR_IRQS:33024 nr_irqs:440 16
[    0.000000] Console: colour VGA+ 80x25
[    0.000000] console [tty1] enabled
[    0.000000] console [ttyS0] enabled
[    0.000000] tsc: Detected 2711.998 MHz processor
[    3.323060] Calibrating delay loop (skipped) preset value.. 5423.99 BogoMIPS (lpj=10847992)
[    3.352103] pid_max: default: 32768 minimum: 301
[    3.397097] ACPI: Core revision 20150930
[    3.400660] ACPI: 2 ACPI AML tables successfully acquired and loaded
[    3.428908] Security Framework initialized
[    3.449391] Yama: becoming mindful.
[    3.451677] AppArmor: AppArmor initialized
[    3.454436] Dentry cache hash table entries: 131072 (order: 8, 1048576 bytes)
[    3.463631] Inode-cache hash table entries: 65536 (order: 7, 524288 bytes)
[    3.500763] Mount-cache hash table entries: 2048 (order: 2, 16384 bytes)
[    3.595174] Mountpoint-cache hash table entries: 2048 (order: 2, 16384 bytes)
[    3.619602] Initializing cgroup subsys io
[    3.654799] Initializing cgroup subsys memory
[    3.661787] Initializing cgroup subsys devices
[    3.693594] Initializing cgroup subsys freezer
[    3.746520] Initializing cgroup subsys net_cls
[    3.799418] Initializing cgroup subsys perf_event
[    3.821051] Initializing cgroup subsys net_prio
[    3.821961] Initializing cgroup subsys hugetlb
[    3.822869] Initializing cgroup subsys pids
[    3.823800] CPU: Physical Processor ID: 0
[    3.843873] CPU: Processor Core ID: 0
[    3.845749] mce: CPU supports 0 MCE banks
[    3.864015] Last level iTLB entries: 4KB 64, 2MB 8, 4MB 8
[    3.899141] Last level dTLB entries: 4KB 64, 2MB 0, 4MB 0, 1GB 4
[    3.902108] Freeing SMP alternatives memory: 32K
[    3.948836] ftrace: allocating 32146 entries in 126 pages
[    4.029458] smpboot: APIC(0) Converting physical 0 to logical package 0
[    4.051457] smpboot: Max logical packages: 1
[    4.052554] x2apic enabled
[    4.053388] Switched APIC routing to physical x2apic.
[    4.055979] ..TIMER: vector=0x30 apic1=0 pin1=2 apic2=-1 pin2=-1
[    4.199316] APIC calibration not consistent with PM-Timer: 101ms instead of 100ms
[    4.227555] APIC delta adjusted to PM-Timer: 6250177 (6321575)
[    4.243157] smpboot: CPU0: Intel(R) Core(TM) i5-7200U CPU @ 2.50GHz (family: 0x6, model: 0x8e, stepping: 0x9)
[    4.245167] Performance Events: unsupported p6 CPU model 142 no PMU driver, software events only.
[    4.296241] KVM setup paravirtual spinlock
[    4.309199] x86: Booting SMP configuration:
[    4.328896] .... node  #0, CPUs:      #1
[    4.368112] kvm-clock: cpu 1, msr 0:3ffe3041, secondary cpu clock
[    4.383747] mce: CPU supports 0 MCE banks
[    4.394701] x86: Booted up 1 node, 2 CPUs
[    4.447778] smpboot: Total of 2 processors activated (10847.99 BogoMIPS)
[    4.493150] devtmpfs: initialized
[    4.514741] evm: security.selinux
[    4.522023] evm: security.SMACK64
[    4.524187] evm: security.SMACK64EXEC
[    4.528748] evm: security.SMACK64TRANSMUTE
[    4.532316] evm: security.SMACK64MMAP
[    4.552321] evm: security.ima
[    4.552993] evm: security.capability
[    4.554038] clocksource: jiffies: mask: 0xffffffff max_cycles: 0xffffffff, max_idle_ns: 7645041785100000 ns
[    4.561086] futex hash table entries: 512 (order: 3, 32768 bytes)
[    4.608832] pinctrl core: initialized pinctrl subsystem
[    4.679697] RTC time: 17:05:39, date: 10/07/17
[    4.690733] NET: Registered protocol family 16
[    4.744114] cpuidle: using governor ladder
[    4.792802] cpuidle: using governor menu
[    4.852816] PCCT header not found.
[    4.878605] ACPI: bus type PCI registered
[    4.923002] acpiphp: ACPI Hot Plug PCI Controller Driver version: 0.5
[    4.934764] PCI: Using configuration type 1 for base access
[    4.960705] ACPI: Added _OSI(Module Device)
[    4.968874] ACPI: Added _OSI(Processor Device)
[    5.002515] ACPI: Added _OSI(3.0 _SCP Extensions)
[    5.028602] ACPI: Added _OSI(Processor Aggregator Device)
[    5.030615] ACPI: Executed 1 blocks of module-level executable AML code
[    5.041812] ACPI: Interpreter enabled
[    5.049508] ACPI: (supports S0 S5)
[    5.087196] ACPI: Using IOAPIC for interrupt routing
[    5.137025] PCI: Using host bridge windows from ACPI; if necessary, use "pci=nocrs" and report a bug
[    5.159943] ACPI: PCI Root Bridge [PCI0] (domain 0000 [bus 00-ff])
[    5.193020] acpi PNP0A03:00: _OSC: OS supports [ASPM ClockPM Segments MSI]
[    5.219627] acpi PNP0A03:00: _OSC failed (AE_NOT_FOUND); disabling ASPM
[    5.224428] acpi PNP0A03:00: fail to add MMCONFIG information, can't access extended PCI configuration space under this bridge.
[    5.244641] PCI host bridge to bus 0000:00
[    5.287765] pci_bus 0000:00: root bus resource [io  0x0000-0x0cf7 window]
[    5.329418] pci_bus 0000:00: root bus resource [io  0x0d00-0xffff window]
[    5.350951] pci_bus 0000:00: root bus resource [mem 0x000a0000-0x000bffff window]
[    5.397778] pci_bus 0000:00: root bus resource [mem 0x40000000-0xffdfffff window]
[    5.416551] pci_bus 0000:00: root bus resource [bus 00-ff]
[    5.419330] pci 0000:00:01.1: legacy IDE quirk: reg 0x10: [io  0x01f0-0x01f7]
[    5.428090] pci 0000:00:01.1: legacy IDE quirk: reg 0x14: [io  0x03f6]
[    5.488548] pci 0000:00:01.1: legacy IDE quirk: reg 0x18: [io  0x0170-0x0177]
[    5.540019] pci 0000:00:01.1: legacy IDE quirk: reg 0x1c: [io  0x0376]
[    5.578470] pci 0000:00:07.0: quirk: [io  0x4000-0x403f] claimed by PIIX4 ACPI
[    5.622436] pci 0000:00:07.0: quirk: [io  0x4100-0x410f] claimed by PIIX4 SMB
[    5.675732] ACPI: PCI Interrupt Link [LNKA] (IRQs 5 9 10 *11)
[    5.741227] ACPI: PCI Interrupt Link [LNKB] (IRQs 5 9 10 *11)
[    5.750156] ACPI: PCI Interrupt Link [LNKC] (IRQs 5 9 *10 11)
[    5.753111] ACPI: PCI Interrupt Link [LNKD] (IRQs 5 *9 10 11)
[    5.770719] ACPI: Enabled 2 GPEs in block 00 to 07
[    5.799363] vgaarb: setting as boot device: PCI:0000:00:02.0
[    5.801773] vgaarb: device added: PCI:0000:00:02.0,decodes=io+mem,owns=io+mem,locks=none
[    5.812657] vgaarb: loaded
[    5.815966] vgaarb: bridge control possible 0000:00:02.0
[    5.824562] SCSI subsystem initialized
[    5.860492] ACPI: bus type USB registered
[    5.898609] usbcore: registered new interface driver usbfs
[    5.910001] usbcore: registered new interface driver hub
[    5.925216] usbcore: registered new device driver usb
[    5.926632] PCI: Using ACPI for IRQ routing
[    5.938196] NetLabel: Initializing
[    5.951647] NetLabel:  domain hash size = 128
[    5.952539] NetLabel:  protocols = UNLABELED CIPSOv4
[    5.953637] NetLabel:  unlabeled traffic allowed by default
[    5.992072] amd_nb: Cannot enumerate AMD northbridges
[    6.027262] clocksource: Switched to clocksource kvm-clock
[    6.046612] AppArmor: AppArmor Filesystem Enabled
[    6.099075] pnp: PnP ACPI init
[    6.119776] pnp: PnP ACPI: found 3 devices
[    6.144535] clocksource: acpi_pm: mask: 0xffffff max_cycles: 0xffffff, max_idle_ns: 2085701024 ns
[    6.200380] NET: Registered protocol family 2
[    6.201444] TCP established hash table entries: 8192 (order: 4, 65536 bytes)
[    6.229923] TCP bind hash table entries: 8192 (order: 5, 131072 bytes)
[    6.261972] TCP: Hash tables configured (established 8192 bind 8192)
[    6.284727] UDP hash table entries: 512 (order: 2, 16384 bytes)
[    6.352740] UDP-Lite hash table entries: 512 (order: 2, 16384 bytes)
[    6.379818] NET: Registered protocol family 1
[    6.462919] pci 0000:00:00.0: Limiting direct PCI/PCI transfers
[    6.489969] pci 0000:00:01.0: Activating ISA DMA hang workarounds
[    6.569620] Unpacking initramfs...
[    8.544898] Freeing initrd memory: 10792K
[    8.581778] platform rtc_cmos: registered platform RTC device (no PNP device found)
[    8.661543] Scanning for low memory corruption every 60 seconds
[    8.698057] audit: initializing netlink subsys (disabled)
[    8.733224] audit: type=2000 audit(1507395943.377:1): initialized
[    8.734587] Initialise system trusted keyring
[    8.735665] HugeTLB registered 2 MB page size, pre-allocated 0 pages
[    8.743686] zbud: loaded
[    8.746040] VFS: Disk quotas dquot_6.6.0
[    8.748102] VFS: Dquot-cache hash table entries: 512 (order 0, 4096 bytes)
[    8.756088] squashfs: version 4.0 (2009/01/31) Phillip Lougher
[    8.766170] fuse init (API version 7.23)
[    8.768706] Key type big_key registered
[    8.832426] Allocating IMA MOK and blacklist keyrings.
[    8.898639] Key type asymmetric registered
[    8.939801] Asymmetric key parser 'x509' registered
[    8.970936] Block layer SCSI generic (bsg) driver version 0.4 loaded (major 249)
[    9.014429] io scheduler noop registered
[    9.016717] io scheduler deadline registered (default)
[    9.017767] io scheduler cfq registered
[    9.027910] pci_hotplug: PCI Hot Plug PCI Core version: 0.5
[    9.037928] pciehp: PCI Express Hot Plug Controller Driver version: 0.4
[    9.050271] ACPI: AC Adapter [AC] (off-line)
[    9.062949] input: Power Button as /devices/LNXSYSTM:00/LNXPWRBN:00/input/input0
[    9.078506] ACPI: Power Button [PWRF]
[    9.087923] input: Sleep Button as /devices/LNXSYSTM:00/LNXSLPBN:00/input/input1
[    9.091065] ACPI: Sleep Button [SLPF]
[    9.094363] ACPI: Battery Slot [BAT0] (battery present)
[    9.111850] GHES: HEST is not enabled!
[    9.133780] Serial: 8250/16550 driver, 32 ports, IRQ sharing enabled
[    9.160624] 00:02: ttyS0 at I/O 0x3f8 (irq = 4, base_baud = 115200) is a 16550A
[    9.171704] Linux agpgart interface v0.103
[    9.182137] loop: module loaded
[    9.189200] scsi host0: ata_piix
[    9.197780] scsi host1: ata_piix
[    9.200293] ata1: PATA max UDMA/33 cmd 0x1f0 ctl 0x3f6 bmdma 0xd000 irq 14
[    9.210202] ata2: PATA max UDMA/33 cmd 0x170 ctl 0x376 bmdma 0xd008 irq 15
[    9.213173] libphy: Fixed MDIO Bus: probed
[    9.218335] tun: Universal TUN/TAP device driver, 1.6
[    9.222364] tun: (C) 1999-2004 Max Krasnyansky <maxk@qualcomm.com>
[    9.225151] PPP generic driver version 2.4.2
[    9.227378] ehci_hcd: USB 2.0 'Enhanced' Host Controller (EHCI) Driver
[    9.237146] ehci-pci: EHCI PCI platform driver
[    9.239461] ehci-platform: EHCI generic platform driver
[    9.242064] ohci_hcd: USB 1.1 'Open' Host Controller (OHCI) Driver
[    9.251068] ohci-pci: OHCI PCI platform driver
[    9.253425] ohci-platform: OHCI generic platform driver
[    9.261512] uhci_hcd: USB Universal Host Controller Interface driver
[    9.265742] i8042: PNP: PS/2 Controller [PNP0303:PS2K,PNP0f03:PS2M] at 0x60,0x64 irq 1,12
[    9.279383] serio: i8042 KBD port at 0x60,0x64 irq 1
[    9.286587] serio: i8042 AUX port at 0x60,0x64 irq 12
[    9.326242] mousedev: PS/2 mouse device common for all mice
[    9.388887] input: AT Translated Set 2 keyboard as /devices/platform/i8042/serio0/input/input2
[    9.457883] rtc_cmos rtc_cmos: rtc core: registered rtc_cmos as rtc0
[    9.521428] rtc_cmos rtc_cmos: alarms up to one day, 114 bytes nvram
[    9.602046] tsc: Refined TSC clocksource calibration: 2712.100 MHz
[    9.668778] clocksource: tsc: mask: 0xffffffffffffffff max_cycles: 0x2717e4f3d25, max_idle_ns: 440795304549 ns
[    9.668853] i2c /dev entries driver
[    9.668907] device-mapper: uevent: version 1.0.3
[    9.668977] device-mapper: ioctl: 4.34.0-ioctl (2015-10-28) initialised: dm-devel@redhat.com
[    9.668991] ledtrig-cpu: registered to indicate activity on CPUs
[    9.669232] NET: Registered protocol family 10
[    9.669376] NET: Registered protocol family 17
[    9.669386] Key type dns_resolver registered
[    9.669539] microcode: CPU0 sig=0x806e9, pf=0x8, revision=0x0
[    9.674991] microcode: CPU1 sig=0x806e9, pf=0x8, revision=0x0
[    9.675026] microcode: Microcode Update Driver: v2.01 <tigran@aivazian.fsnet.co.uk>, Peter Oruba
[    9.675116] registered taskstats version 1
[    9.675131] Loading compiled-in X.509 certificates
[    9.675696] Loaded X.509 cert 'Build time autogenerated kernel key: b1a6ea8776bed2812c00d8a799f968274ef48628'
[    9.675709] zswap: loaded using pool lzo/zbud
[    9.676790] Key type trusted registered
[    9.678618] Key type encrypted registered
[    9.678624] AppArmor: AppArmor sha1 policy hashing enabled
[    9.678626] ima: No TPM chip found, activating TPM-bypass!
[    9.678641] evm: HMAC attrs: 0x1
[    9.678942]   Magic number: 5:865:86
[    9.682257] rtc_cmos rtc_cmos: setting system clock to 2017-10-07 17:05:44 UTC (1507395944)
[    9.682325] BIOS EDD facility v0.16 2004-Jun-25, 0 devices found
[    9.682325] EDD information not available.
[   10.025784] Freeing unused kernel memory: 1492K
[   10.055997] Write protecting the kernel read-only data: 14336k
[   10.122101] Freeing unused kernel memory: 1748K
[   10.208567] Freeing unused kernel memory: 112K
Loading, please wait...
starting version[   10.250887] random: systemd-udevd: uninitialized urandom read (16 bytes read, 3 bits of entropy available)
 229
[   10.251537] random: udevadm: uninitialized urandom read (16 bytes read, 3 bits of entropy available)
[   10.251576] random: udevadm: uninitialized urandom read (16 bytes read, 3 bits of entropy available)
[   10.251750] random: udevadm: uninitialized urandom read (16 bytes read, 3 bits of entropy available)
[   10.251802] random: udevadm: uninitialized urandom read (16 bytes read, 3 bits of entropy available)
[   10.251844] random: udevadm: uninitialized urandom read (16 bytes read, 3 bits of entropy available)
[   10.251886] random: udevadm: uninitialized urandom read (16 bytes read, 3 bits of entropy available)
[   10.251924] random: udevadm: uninitialized urandom read (16 bytes read, 3 bits of entropy available)
[   10.251965] random: udevadm: uninitialized urandom read (16 bytes read, 3 bits of entropy available)
[   10.252005] random: udevadm: uninitialized urandom read (16 bytes read, 3 bits of entropy available)
[   10.974081] e1000: Intel(R) PRO/1000 Network Driver - version 7.3.21-k8-NAPI
[   10.985567] e1000: Copyright (c) 1999-2006 Intel Corporation.
[   10.990868] Fusion MPT base driver 3.04.20
[   11.014382] Copyright (c) 1999-2008 LSI Corporation
[   11.040967] AVX version of gcm_enc/dec engaged.
[   11.084836] AES CTR mode by8 optimization enabled
[   11.112352] Fusion MPT SPI Host driver 3.04.20
[   11.216645] input: ImExPS/2 Generic Explorer Mouse as /devices/platform/i8042/serio1/input/input4
[   11.399186] e1000 0000:00:03.0 eth0: (PCI:33MHz:32-bit) 02:20:af:b1:c6:17
[   11.473651] e1000 0000:00:03.0 eth0: Intel(R) PRO/1000 Network Connection
[   11.541621] e1000 0000:00:03.0 enp0s3: renamed from eth0
[   11.589258] mptbase: ioc0: Initiating bringup
[   11.684415] ioc0: LSI53C1030 A0: Capabilities={Initiator}
[   11.942458] scsi host2: ioc0: LSI53C1030 A0, FwRev=00000000h, Ports=1, MaxQ=256, IRQ=20
[   12.069474] scsi 2:0:0:0: Direct-Access     VBOX     HARDDISK         1.0  PQ: 0 ANSI: 5
[   12.103675] scsi target2:0:0: Beginning Domain Validation
[   12.126948] scsi target2:0:0: Domain Validation skipping write tests
[   12.163614] scsi target2:0:0: Ending Domain Validation
[   12.173295] scsi target2:0:0: asynchronous
[   12.202880] scsi 2:0:1:0: Direct-Access     VBOX     HARDDISK         1.0  PQ: 0 ANSI: 5
[   12.284171] scsi target2:0:1: Beginning Domain Validation
[   12.331033] scsi target2:0:1: Domain Validation skipping write tests
[   12.337156] scsi target2:0:1: Ending Domain Validation
[   12.358283] scsi target2:0:1: asynchronous
[   12.386073] sd 2:0:0:0: [sda] 20971520 512-byte logical blocks: (10.7 GB/10.0 GiB)
[   12.413545] sd 2:0:0:0: Attached scsi generic sg0 type 0
[   12.460701] sd 2:0:0:0: [sda] Write Protect is off
[   12.494583] sd 2:0:0:0: [sda] Incomplete mode parameter data
[   12.552187] sd 2:0:0:0: [sda] Assuming drive cache: write through
[   12.552349] sd 2:0:1:0: Attached scsi generic sg1 type 0
[   12.618632] sd 2:0:1:0: [sdb] 20480 512-byte logical blocks: (10.5 MB/10.0 MiB)
[   12.640833] sd 2:0:1:0: [sdb] Write Protect is off
[   12.641190]  sda: sda1
[   12.671657] sd 2:0:0:0: [sda] Attached SCSI disk
[   12.739888] sd 2:0:1:0: [sdb] Incomplete mode parameter data
[   12.808842] sd 2:0:1:0: [sdb] Assuming drive cache: write through
[   12.856019] sd 2:0:1:0: [sdb] Attached SCSI disk
[   13.992529] floppy0: no floppy controllers found
Begin: Loading e[   15.464149] md: linear personality registered for level -1
ssential drivers ... [   15.517660] md: multipath personality registered for level -4
[   15.587763] md: raid0 personality registered for level 0
[   15.621270] md: raid1 personality registered for level 1
[   15.751626] raid6: sse2x1   gen()  3827 MB/s
[   15.835287] raid6: sse2x1   xor()  3826 MB/s
[   15.959681] raid6: sse2x2   gen()  8839 MB/s
[   16.067394] raid6: sse2x2   xor()  7148 MB/s
[   16.183275] raid6: sse2x4   gen() 11823 MB/s
[   16.299571] raid6: sse2x4   xor()  7922 MB/s
[   16.356107] raid6: using algorithm sse2x4 gen() 11823 MB/s
[   16.398826] raid6: .... xor() 7922 MB/s, rmw enabled
[   16.446218] raid6: using ssse3x2 recovery algorithm
[   16.493333] xor: automatically using best checksumming function:
[   16.543735]    avx       : 20046.000 MB/sec
[   16.595467] async_tx: api initialized (async)
[   16.637783] md: raid6 personality registered for level 6
[   16.658991] md: raid5 personality registered for level 5
[   16.660045] md: raid4 personality registered for level 4
[   16.665278] md: raid10 personality registered for level 10
done.
Begin: Running /scripts/init-pre[   16.761028] Btrfs loaded
mount ... done.
Begin: Mounting root file system ... Begin: Running /scripts/local-top ... done.
Begin: Runnin[   16.818714] EXT4-fs (sda1): mounted filesystem with ordered data mode. Opts: (null)
g /scripts/local-premount ... Scanning for Btrfs filesystems
done.
Warning: fsck not present, so skipping root file system
done.
Begin: Running /scripts/local-bottom ... done.
Begin: Running /scripts/init-bottom ... done.
[   17.114889] systemd[1]: systemd 229 running in system mode. (+PAM +AUDIT +SELINUX +IMA +APPARMOR +SMACK +SYSVINIT +UTMP +LIBCRYPTSETUP +GCRYPT +GNUTLS +ACL +XZ -LZ4 +SECCOMP +BLKID +ELFUTILS +KMOD -IDN)
[   17.253703] systemd[1]: Detected virtualization oracle.
[   17.295023] systemd[1]: Detected architecture x86-64.

Welcome to [1mUbuntu 16.04.3 LTS[0m!

[   17.388967] systemd[1]: Set hostname to <ubuntu-xenial>.
[   17.629894] systemd[1]: Listening on Syslog Socket.
[[0;32m  OK  [0m] Listening on Syslog Socket.
[   17.640689] systemd[1]: Created slice System Slice.
[[0;32m  OK  [0m] Created slice System Slice.
[   17.652295] systemd[1]: Listening on Journal Audit Socket.
[[0;32m  OK  [0m] Listening on Journal Audit Socket.
[   17.675809] systemd[1]: Listening on /dev/initctl Compatibility Named Pipe.
[[0;32m  OK  [0m] Listening on /dev/initctl Compatibility Named Pipe.
[   17.707640] systemd[1]: Reached target Swap.
[[0;32m  OK  [0m] Reached target Swap.
[   17.796141] systemd[1]: Started Trigger resolvconf update for networkd DNS.
[[0;32m  OK  [0m] Started Trigger resolvconf update for networkd DNS.
[   17.956896] systemd[1]: Listening on Journal Socket.
[[0;32m  OK  [0m] Listening on Journal Socket.
[   18.044401] systemd[1]: Starting Load Kernel Modules...
         Startin[   18.067832] Loading iSCSI transport class v2.0-870.
g Load Kernel Modules...
[   18.111543] random: nonblocking pool is initialized
[   18.181178] systemd[1]: Starting Set console keymap...
         [   18.214396] iscsi: registered transport (tcp)
Starting Set console keymap...
[   18.279904] systemd[1]: Starting Nameserver information manager...
         Starting Nameserver information manager...
[   18.307415] systemd[1]: Mounting Huge Pages File System...
         Mounting Huge Pages File System...
[   18.324754] systemd[1]: Starting Uncomplicated firewall...
         Startin[   18.359228] iscsi: registered transport (iser)
g Uncomplicated firewall...
[   18.431697] systemd[1]: Mounting POSIX Message Queue File System...
         Mounting POSIX Message Queue File System...
[   18.475923] systemd[1]: Listening on LVM2 poll daemon socket.
[[0;32m  OK  [0m] Listening on LVM2 poll daemon socket.
[   18.576980] systemd[1]: Listening on LVM2 metadata daemon socket.
[[0;32m  OK  [0m] Listening on LVM2 metadata daemon socket.
[   18.675778] systemd[1]: Starting Remount Root and Kernel File Systems...
[   18.702141] EXT4-fs (sda1): re-mounted. Opts: (null)
         Starting Remount Root and Kernel File Systems...
[   18.760564] systemd[1]: Reached target Encrypted Volumes.
[[0;32m  OK  [0m] Reached target Encrypted Volumes.
[   18.788280] systemd[1]: Reached target User and Group Name Lookups.
[[0;32m  OK  [0m] Reached target User and Group Name Lookups.
[   18.825844] systemd[1]: Set up automount Arbitrary Executable File Formats File System Automount Point.
[[0;32m  OK  [0m] Set up automount Arbitrary Executab...ats File System Automount Point.
[   18.949002] systemd[1]: Created slice system-serial\x2dgetty.slice.
[[0;32m  OK  [0m] Created slice system-serial\x2dgetty.slice.
[   19.056278] systemd[1]: Mounting Debug File System...
         Mounting Debug File System...
[   19.111948] systemd[1]: Listening on udev Control Socket.
[[0;32m  OK  [0m] Listening on udev Control Socket.
[   19.184701] systemd[1]: Listening on Journal Socket (/dev/log).
[[0;32m  OK  [0m] Listening on Journal Socket (/dev/log).
[   19.308960] systemd[1]: Starting Journal Service...
         Starting Journal Service...
[   19.356081] systemd[1]: Started Forward Password Requests to Wall Directory Watch.
[[0;32m  OK  [0m] Started Forward Password Requests to Wall Directory Watch.
[   19.444211] systemd[1]: Listening on udev Kernel Socket.
[[0;32m  OK  [0m] Listening on udev Kernel Socket.
[   19.520464] systemd[1]: Listening on Device-mapper event daemon FIFOs.
[[0;32m  OK  [0m] Listening on Device-mapper event daemon FIFOs.
[   19.644736] systemd[1]: Starting Monitoring of LVM2 mirrors, snapshots etc. using dmeventd or progress polling...
         Starting Monitoring of LVM2 mirrors... dmeventd or progress polling...
[   19.784170] systemd[1]: Starting Create list of required static device nodes for the current kernel...
         Starting Create list of required st... nodes for the current kernel...
[   19.860865] systemd[1]: Created slice User and Session Slice.
[[0;32m  OK  [0m] Created slice User and Session Slice.
[   19.900485] systemd[1]: Reached target Slices.
[[0;32m  OK  [0m] Reached target Slices.
[   19.938678] systemd[1]: Mounted POSIX Message Queue File System.
[[0;32m  OK  [0m] Mounted POSIX Message Queue File System.
[   19.948837] systemd[1]: Mounted Debug File System.
[[0;32m  OK  [0m] Mounted Debug File System.
[   19.960272] systemd[1]: Mounted Huge Pages File System.
[[0;32m  OK  [0m] Mounted Huge Pages File System.
[   19.980809] systemd[1]: Started Journal Service.
[[0;32m  OK  [0m] Started Journal Service.
[[0;32m  OK  [0m] Started Load Kernel Modules.
[[0;32m  OK  [0m] Started Set console keymap.
[[0;32m  OK  [0m] Started Uncomplicated firewall.
[[0;32m  OK  [0m] Started Remount Root and Kernel File Systems.
[[0;32m  OK  [0m] Started Create list of required sta...ce nodes for the current kernel.
[[0;32m  OK  [0m] Started Nameserver information manager.
[[0;32m  OK  [0m] Started LVM2 metadata daemon.
         Starting Create Static Device Nodes in /dev...
         Starting Initial cloud-init job (pre-networking)...
         Starting udev Coldplug all Devices...
         Starting Load/Save Random Seed...
         Starting Apply Kernel Variables...
         Mounting FUSE Control File System...
         Starting Flush Journal to Persistent Storage...
[[0;32m  OK  [0m] Mounted FUSE Control File System.
[[0;32m  OK  [0m] Started Create Static Device Nodes in /dev.
[[0;32m  OK  [0m] Started Monitoring of LVM2 mirrors,...ng dmeventd or progress polling.
[[0;32m  OK  [0m] Started Load/Save Random Seed.
[[0;32m  OK  [0m] Started Apply Kernel Variables.
[[0;32m  OK  [0m] Started udev Coldplug all Devices.
[[0;32m  OK  [0m] Started Flush Journal to Persistent Storage.
         Starting udev Kernel Device Manager...
[[0;32m  OK  [0m] Started udev Kernel Device Manager.
[[0;32m  OK  [0m] Reached target Local File Systems (Pre).
[[0;32m  OK  [0m] Reached target Local File Systems.
         Starting Set console font and keymap...
         Starting Create Volatile Files and Directories...
         Starting Tell Plymouth To Write Out Runtime Data...
         Starting LSB: AppArmor initialization...
[[0;32m  OK  [0m] Started Dispatch Password Requests to Console Directory Watch.
[[0;32m  OK  [0m] Started Create Volatile Files and Directories.
[[0;32m  OK  [0m] Started Tell Plymouth To Write Out Runtime Data.
[[0;32m  OK  [0m] Found device /dev/ttyS0.
[[0;32m  OK  [0m] Started LSB: AppArmor initialization.
[   16.374814] cloud-init[451]: Cloud-init v. 0.7.9 running 'init-local' at Sat, 07 Oct 2017 17:05:56 +0000. Up 16.07 seconds.
[[0;32m  OK  [0m] Started Initial cloud-init job (pre-networking).
[[0;32m  OK  [0m] Started Set console font and keymap.
[[0;32m  OK  [0m] Created slice system-getty.slice.
[[0;32m  OK  [0m] Reached target Network (Pre).
[[0;32m  OK  [0m] Listening on Load/Save RF Kill Switch Status /dev/rfkill Watch.
         Starting Raise network interfaces...
[[0;32m  OK  [0m] Started ifup for enp0s3.
         Starting Update UTMP about System Boot/Shutdown...
[[0;32m  OK  [0m] Reached target System Time Synchronized.
[[0;32m  OK  [0m] Started Update UTMP about System Boot/Shutdown.
[[0;32m  OK  [0m] Started Raise network interfaces.
[[0;32m  OK  [0m] Reached target Network.
         Starting Initial cloud-init job (metadata service crawler)...
[   20.003115] cloud-init[975]: Cloud-init v. 0.7.9 running 'init' at Sat, 07 Oct 2017 17:06:00 +0000. Up 19.68 seconds.
[   20.064803] cloud-init[975]: ci-info: +++++++++++++++++++++++++++++++++++++Net device info++++++++++++++++++++++++++++++++++++++
[[0;32m  OK  [0m] Started Initial cloud-init job (metadata service crawler).
[   20.138738] cloud-init[975]: ci-info: +--------+------+----------------------------+---------------+-------+-------------------+
[   20.296822] cloud-init[975]: ci-info: | Device |  Up  |          Address           |      Mask     | Scope |     Hw-Address    |
[   20.393069] cloud-init[975]: ci-info: +--------+------+----------------------------+---------------+-------+-------------------+
[   20.481145] cloud-init[975]: ci-info: |   lo   | True |         127.0.0.1          |   255.0.0.0   |   .   |         .         |
[[0;32m  OK  [0m] Reached target Cloud-config availability.
[[0;32m  OK  [0m] Reached target Network is Online.
[   20.566190] cloud-init[975]: ci-info: |   lo   | True |          ::1/128           |       .       |  host |         .         |
[   20.720789] cloud-init[975]: ci-info: | enp0s3 | True |         10.0.2.15          | 255.255.255.0 |   .   | 02:20:af:b1:c6:17 |
[   20.776573] cloud-init[975]: ci-info: | enp0s3 | True | fe80::20:afff:feb1:c617/64 |       .       |  link | 02:20:af:b1:c6:17 |
[   20.776875] cloud-init[975]: ci-info: +--------+------+----------------------------+---------------+-------+-------------------+
[   20.777590] cloud-init[975]: ci-info: +++++++++++++++++++++++++++Route IPv4 info++++++++++++++++++++++++++++
[   20.777754] cloud-init[975]: ci-info: +-------+-------------+----------+---------------+-----------+-------+
[   20.777913] cloud-init[975]: ci-info: | Route | Destination | Gateway  |    Genmask    | Interface | Flags |
[   20.778143] cloud-init[975]: ci-info: +-------+-------------+----------+---------------+-----------+-------+
[   20.778315] cloud-init[975]: ci-info: |   0   |   0.0.0.0   | 10.0.2.2 |    0.0.0.0    |   enp0s3  |   UG  |
[   20.778580] cloud-init[975]: ci-info: |   1   |   10.0.2.0  | 0.0.0.0  | 255.255.255.0 |   enp0s3  |   U   |
[   20.778752] cloud-init[975]: ci-info: +-------+-------------+----------+---------------+-----------+-------+
         Starting iSCSI initiator daemon (iscsid)...
[[0;32m  OK  [0m] Reached target System Initialization.
[[0;32m  OK  [0m] Started Daily Cleanup of Temporary Directories.
[[0;32m  OK  [0m] Started Timer to automatically fetch and run repair assertions.
         Starting LXD - unix socket.
[[0;32m  OK  [0m] Started Daily apt download activities.
[[0;32m  OK  [0m] Started Daily apt upgrade and clean activities.
[[0;32m  OK  [0m] Started Timer to automatically refresh installed snaps.
[[0;32m  OK  [0m] Reached target Timers.
[[0;32m  OK  [0m] Listening on D-Bus System Message Bus Socket.
         Starting Socket activation for snappy daemon.
[[0;32m  OK  [0m] Listening on UUID daemon activation socket.
[[0;32m  OK  [0m] Started ACPI Events Check.
[[0;32m  OK  [0m] Reached target Paths.
[[0;32m  OK  [0m] Listening on ACPID Listen Socket.
[[0;32m  OK  [0m] Listening on LXD - unix socket.
[[0;32m  OK  [0m] Listening on Socket activation for snappy daemon.
[[0;32m  OK  [0m] Started iSCSI initiator daemon (iscsid).
         Starting Login to default iSCSI targets...
[[0;32m  OK  [0m] Reached target Sockets.
[[0;32m  OK  [0m] Reached target Basic System.
         Starting Apply the settings specified in cloud-config...
[[0;32m  OK  [0m] Started Deferred execution scheduler.
         Starting /etc/rc.local Compatibility...
[[0;32m  OK  [0m] Started D-Bus System Message Bus.
[[0;32m  OK  [0m] Started FUSE filesystem for LXC.
         Starting LSB: MD monitoring daemon...
         Starting System Logging Service...
[[0;32m  OK  [0m] Started ACPI event daemon.
         Starting LSB: Record successful boot for GRUB...
[[0;32m  OK  [0m] Started Regular background program processing daemon.
[[0;32m  OK  [0m] Started Unattended Upgrades Shutdown.
         Starting Snappy daemon...
         Starting OpenBSD Secure Shell server...
         Starting Accounts Service...
         Starting Login Service...
         Starting LXD - container startup/shutdown...
[[0;32m  OK  [0m] Started System Logging Service.
[[0;32m  OK  [0m] Started OpenBSD Secure Shell server.
[[0;32m  OK  [0m] Started /etc/rc.local Compatibility.
[[0;32m  OK  [0m] Started Login to default iSCSI targets.
[[0;32m  OK  [0m] Started Snappy daemon.
[[0;32m  OK  [0m] Started LSB: MD monitoring daemon.
[[0;32m  OK  [0m] Started LXD - container startup/shutdown.
[[0;32m  OK  [0m] Started LSB: Record successful boot for GRUB.
[[0;32m  OK  [0m] Started Login Service.
         Starting Authenticate and Authorize Users to Run Privileged Tasks...
         Starting Auto import assertions from block devices...
[[0;32m  OK  [0m] Reached target Remote File Systems (Pre).
[[0;32m  OK  [0m] Reached target Remote File Systems.
         Starting LSB: automatic crash report generation...
         Starting Permit User Sessions...
         Starting LSB: daemon to balance interrupts for SMP systems...
         Starting LSB: Set the CPU Frequency Scaling governor to "ondemand"...
         Starting LSB: VirtualBox Linux Additions...
[[0;32m  OK  [0m] Started Auto import assertions from block devices.
[[0;32m  OK  [0m] Started Permit User Sessions.
[   22.930323] cloud-init[1036]: Cloud-init v. 0.7.9 running 'modules:config' at Sat, 07 Oct 2017 17:06:03 +0000. Up 22.79 seconds.
[[0;32m  OK  [0m] Started Apply the settings specified in cloud-config.
[[0;32m  OK  [0m] Started Authenticate and Authorize Users to Run Privileged Tasks.
[[0;32m  OK  [0m] Started Accounts Service.
         Starting Terminate Plymouth Boot Screen...
         Starting Hold until boot process finishes up...
[[0;32m  OK  [0m] Started LSB: automatic crash report generation.
[[0;32m  OK  [0m] Started LSB: daemon to balance interrupts for SMP systems.
[[0;32m  OK  [0m] Started LSB: Set the CPU Frequency Scaling governor to "ondemand".
[[0;32m  OK  [0m] Started LSB: VirtualBox Linux Additions.
[[0;32m  OK  [0m] Started Terminate Plymouth Boot Screen.
[[0;32m  OK  [0m] Started Hold until boot process finishes up.
[[0;32m  OK  [0m] Started Getty on tty1.
         Starting Set console scheme...
[[0;32m  OK  [0m] Started Serial Getty on ttyS0.
[[0;32m  OK  [0m] Reached target Login Prompts.
[[0;32m  OK  [0m] Reached target Multi-User System.
         Starting Execute cloud user/final scripts...
[[0;32m  OK  [0m] Reached target Graphical Interface.
         Starting Update UTMP about System Runlevel Changes...
[[0;32m  OK  [0m] Started Set console scheme.
[[0;32m  OK  [0m] Started Update UTMP about System Runlevel Changes.
[   23.960942] cloud-init[1212]: Cloud-init v. 0.7.9 running 'modules:final' at Sat, 07 Oct 2017 17:06:04 +0000. Up 23.84 seconds.
[   24.036647] cloud-init[1212]: Cloud-init v. 0.7.9 finished at Sat, 07 Oct 2017 17:06:04 +0000. Datasource DataSourceNoCloud [seed=/dev/sdb][dsmode=net].  Up 23.95 seconds
[[0;32m  OK  [0m] Started Execute cloud user/final scripts.
[[0;32m  OK  [0m] Reached target Cloud-init target.

Ubuntu 16.04.3 LTS ubuntu-xenial ttyS0

ubuntu-xenial login:          Stopping Session 3 of user ubuntu.
         Stopping Authenticate and Authorize Users to Run Privileged Tasks...
[[0;32m  OK  [0m] Stopped target Cloud-init target.
         Stopping ACPI event daemon...
[[0;32m  OK  [0m] Closed Load/Save RF Kill Switch Status /dev/rfkill Watch.
[[0;32m  OK  [0m] Stopped target Timers.
[[0          Stopping Accounts Service...
         Stopping LSB: Set the CPU Frequency Scaling governor to "ondemand"...
         Stopping LSB: daemon to balance interrupts for SMP systems...
         Stopping LSB: automatic crash report generation...
         Stopping LSB: MD monitoring daemon...
         Stopping LSB: VirtualBox Linux Additions...
         Stopping System Logging Service...
[[0;32m  OK  [0m] Unmounted /var/lib/lxcfs.
[[0;32m  OK  [0m] Stopped Deferred execution scheduler.
[[0;32m  OK  [0m] Stopped System Logging Service.
[[0;32m  OK  [0m] Stopped ACPI event daemon.
[[0;32m  OK  [0m] Stopped Regular background program processing daemon.
[[0;32m  OK  [0m] Stopped Snappy daemon.
[[0;32m  OK  [0m] Stopped OpenBSD Secure Shell server.
[[0;32m  OK  [0m] Stopped Accounts Service.
[[0;32m  OK  [0m] Stopped Authenticate and Authorize Users to Run Privileged Tasks.
[[0;32m  OK  [0m] Stopped Getty on tty1.
[[0;32m  OK  [0m] Stopped Serial Getty on ttyS0.
[[0;32m  OK  [0m] Stopped User Manager for UID 1000.
[[0;32m  OK  [0m] Stopped Session 3 of user ubuntu.
[[0;32m  OK  [0m] Stopped D-Bus System Message Bus.
[[0;32m  OK  [0m] Stopped Unattended Upgrades Shutdown.
[[0;32m  OK  [0m] Stopped FUSE filesystem for LXC.
[[0;32m  OK  [0m] Stopped LSB: Record successful boot for GRUB.
[[0;32m  OK  [0m] Stopped LXD - container startup/shutdown.
[[0;32m  OK  [0m] Stopped LSB: Set the CPU Frequency Scaling governor to "ondemand".
[[0;32m  OK  [0m] Stopped LSB: daemon to balance interrupts for SMP systems.
[[0;32m  OK  [0m] Stopped LSB: automatic crash report generation.
[[0;32m  OK  [0m] Stopped LSB: MD monitoring daemon.
[[0;32m  OK  [0m] Stopped LSB: VirtualBox Linux Additions.
[[0;32m  OK  [0m] Removed slice User Slice of ubuntu.
         Stopping Login Service...
[[0;32m  OK  [0m] Removed slice system-serial\x2dgetty.slice.
[[0;32m  OK  [0m] Removed slice system-getty.slice.
         Stopping Permit User Sessions...
[[0;32m  OK  [0m] Stopped /etc/rc.local Compatibility.
[[0;32m  OK  [0m] Stopped Login Service.
[[0;32m  OK  [0m] Stopped Permit User Sessions.
[[0;32m  OK  [0m] Stopped target Remote File Systems.
[[0;32m  OK  [0m] Stopped target Remote File Systems (Pre).
         Stopping Login to default iSCSI targets...
[[0;32m  OK  [0m] Stopped target Basic System.
[[0;32m  OK  [0m] Stopped target Slices.
[[0;32m  OK  [0m] Removed slice User and Session Slice.
[[0;32m  OK  [0m] Stopped target Paths.
[[0;32m  OK  [0m] Stopped ACPI Events Check.
[[0;32m  OK  [0m] Stopped Forward Password Requests to Wall Directory Watch.
[[0;32m  OK  [0m] Stopped Dispatch Password Requests to Console Directory Watch.
[[0;32m  OK  [0m] Stopped target Sockets.
[[0;32m  OK  [0m] Closed Syslog Socket.
[[0;32m  OK  [0m] Closed Socket activation for snappy daemon.
[[0;32m  OK  [0m] Closed LXD - unix socket.
[[0;32m  OK  [0m] Closed UUID daemon activation socket.
[[0;32m  OK  [0m] Closed ACPID Listen Socket.
[[0;32m  OK  [0m] Closed D-Bus System Message Bus Socket.
[[0;32m  OK  [0m] Stopped target System Initialization.
[[0;32m  OK  [0m] Stopped target Swap.
[[0;32m  OK  [0m] Stopped Create Volatile Files and Directories.
[[0;32m  OK  [0m] Stopped target Encrypted Volumes.
         Stopping Load/Save Random Seed...
[[0;32m  OK  [0m] Stopped target User and Group Name Lookups.
[[0;32m  OK  [0m] Stopped Load/Save Random Seed.
[[0;32m  OK  [0m] Stopped Login to default iSCSI targets.
         Stopping iSCSI initiator daemon (iscsid)...
[[0;32m  OK  [0m] Stopped iSCSI initiator daemon (iscsid).
[[0;32m  OK  [0m] Stopped target Network is Online.
[[0;32m  OK  [0m] Stopped Initial cloud-init job (metadata service crawler).
[[0;32m  OK  [0m] Stopped target Network.
         Stopping Raise network interfaces...
[[0;32m  OK  [0m] Stopped Raise network interfaces.
[[0;32m  OK  [0m] Stopped target Local File Systems.
         Unmounting /run/user/1000...
         Unmounting /vagrant...
[[0;32m  OK  [0m] Stopped Apply Kernel Variables.
[[0;32m  OK  [0m] Stopped Load Kernel Modules.
[[0;32m  OK  [0m] Stopped target Network (Pre).
[[0;32m  OK  [0m] Stopped Initial cloud-init job (pre-networking).
[[0;32m  OK  [0m] Unmounted /run/user/1000.
[[0;32m  OK  [0m] Unmounted /vagrant.
[[0;32m  OK  [0m] Reached target Unmount All Filesystems.
[[0;32m  OK  [0m] Stopped target Local File Systems (Pre).
[[0;32m  OK  [0m] Stopped Create Static Device Nodes in /dev.
         Stopping Monitoring of LVM2 mirrors... dmeventd or progress polling...
[[0;32m  OK  [0m] Stopped Remount Root and Kernel File Systems.
[[0;32m  OK  [0m] Reached target Shutdown.
[  661.448782] reboot: Power down
